This is a debug
This is an info
This is an error
This is a fatal
00:45:25.648 [main] DEBUG Main - This is a debug
00:45:25.648 [main] INFO  Main - This is an info
00:45:25.648 [main] ERROR Main - This is an error
00:45:25.649 [main] FATAL Main - This is a fatal
00:45:38.208 [main] DEBUG Main - This is a debug
00:45:38.208 [main] INFO  Main - This is an info
00:45:38.208 [main] ERROR Main - This is an error
00:45:38.208 [main] FATAL Main - This is a fatal
00:46:27.853 [main] DEBUG Main - This is a debug
00:46:27.853 [main] INFO  Main - This is an info
00:46:27.853 [main] ERROR Main - This is an error
00:46:27.854 [main] FATAL Main - This is a fatal
00:47:01.052 [main] DEBUG Main - This is a debug
00:47:01.053 [main] INFO  Main - This is an info
00:47:01.053 [main] ERROR Main - This is an error
00:47:01.054 [main] FATAL Main - This is a fatal
00:47:11.211 [main] DEBUG Main - This is a debug
00:47:11.212 [main] INFO  Main - This is an info
00:47:11.212 [main] ERROR Main - This is an error
00:47:11.213 [main] FATAL Main - This is a fatal
00:48:03.368 [main] DEBUG Main - This is a debug
00:48:03.369 [main] INFO  Main - This is an info
00:48:03.369 [main] ERROR Main - This is an error
00:48:03.369 [main] FATAL Main - This is a fatal
00:48:03.370 [main] DEBUG TestDebug - this is a test debug log
00:48:03.370 [main] ERROR TestDebug - this is a test error log
00:48:03.371 [main] DEBUG TestError - this is a test debug log
00:48:03.371 [main] ERROR TestError - this is a test error log
00:48:50.772 [main] DEBUG Main - This is a debug
00:48:50.773 [main] INFO  Main - This is an info
00:48:50.773 [main] ERROR Main - This is an error
00:48:50.773 [main] FATAL Main - This is a fatal
00:48:50.774 [main] DEBUG TestDebug - this is a test debug log
00:48:50.774 [main] ERROR TestDebug - this is a test error log
00:48:50.774 [main] ERROR TestError - this is a test error log
00:49:17.858 [main] DEBUG Main - This is a debug
00:49:17.858 [main] INFO  Main - This is an info
00:49:17.858 [main] ERROR Main - This is an error
00:49:17.859 [main] FATAL Main - This is a fatal
00:49:17.859 [main] DEBUG TestDebug - this is a test debug log
00:49:17.859 [main] ERROR TestDebug - this is a test error log
00:49:17.860 [main] DEBUG TestError - this is a test debug log
00:49:17.860 [main] ERROR TestError - this is a test error log
00:49:27.967 [main] DEBUG Main - This is a debug
00:49:27.968 [main] INFO  Main - This is an info
00:49:27.968 [main] ERROR Main - This is an error
00:49:27.968 [main] FATAL Main - This is a fatal
00:49:27.968 [main] DEBUG TestDebug - this is a test debug log
00:49:27.969 [main] ERROR TestDebug - this is a test error log
00:49:27.969 [main] ERROR TestError - this is a test error log
00:49:52.863 [main] DEBUG Main - This is a debug
00:49:52.864 [main] INFO  Main - This is an info
00:49:52.864 [main] ERROR Main - This is an error
00:49:52.864 [main] FATAL Main - This is a fatal
00:49:52.865 [main] DEBUG TestDebug - this is a test debug log
00:49:52.865 [main] ERROR TestDebug - this is a test error log
00:49:52.865 [main] ERROR TestError - this is a test error log
00:49:59.297 [main] DEBUG Main - This is a debug
00:49:59.298 [main] INFO  Main - This is an info
00:49:59.298 [main] ERROR Main - This is an error
00:49:59.298 [main] FATAL Main - This is a fatal
00:49:59.299 [main] DEBUG TestDebug - this is a test debug log
00:49:59.299 [main] ERROR TestDebug - this is a test error log
00:49:59.300 [main] ERROR TestError - this is a test error log
00:57:29.781 [main] DEBUG Main - This is a debug
00:57:29.784 [main] INFO  Main - This is an info
00:57:29.784 [main] ERROR Main - This is an error
00:57:29.784 [main] FATAL Main - This is a fatal
00:57:29.785 [main] DEBUG TestDebug - this is a test debug log
00:57:29.785 [main] ERROR TestDebug - this is a test error log
00:57:29.785 [main] ERROR TestError - this is a test error log
00:57:49.181 [main] DEBUG Main - This is a debug
00:57:49.182 [main] INFO  Main - This is an info
00:57:49.182 [main] ERROR Main - This is an error
00:57:49.182 [main] FATAL Main - This is a fatal
00:57:49.183 [main] DEBUG TestDebug - this is a test debug log
00:57:49.183 [main] ERROR TestDebug - this is a test error log
00:57:49.183 [main] ERROR TestError - this is a test error log
01:01:20.267 [main] DEBUG Main - This is a debug
01:01:20.268 [main] INFO  Main - This is an info
01:01:20.268 [main] ERROR Main - This is an error
01:01:20.268 [main] FATAL Main - This is a fatal
01:01:20.268 [main] DEBUG TestDebug - this is a test debug log
01:01:20.269 [main] ERROR TestDebug - this is a test error log
01:01:20.269 [main] ERROR TestError - this is a test error log
01:04:09.983 [main] DEBUG Main - This is a debug
01:04:09.984 [main] INFO  Main - This is an info
01:04:09.984 [main] ERROR Main - This is an error
01:04:09.984 [main] FATAL Main - This is a fatal
01:04:09.985 [main] DEBUG TestDebug - this is a test debug log
01:04:09.985 [main] ERROR TestDebug - this is a test error log
01:04:09.986 [main] ERROR TestError - this is a test error log
